TN:
SF:/Users/diversario/Documents/Projects/Personal/node-ssdp/lib/client.js
FN:38,SsdpClient
FN:52,(anonymous_2)
FN:54,(anonymous_3)
FN:55,onBind
FN:68,(anonymous_5)
FN:78,search
FN:82,(anonymous_7)
FN:96,(anonymous_8)
FNF:8
FNH:5
FNDA:3,SsdpClient
FNDA:3,(anonymous_2)
FNDA:3,(anonymous_3)
FNDA:3,onBind
FNDA:3,(anonymous_5)
FNDA:0,search
FNDA:0,(anonymous_7)
FNDA:0,(anonymous_8)
DA:27,1
DA:38,1
DA:39,3
DA:40,3
DA:45,1
DA:52,1
DA:53,3
DA:54,3
DA:55,1
DA:56,3
DA:57,3
DA:58,3
DA:60,3
DA:68,1
DA:69,3
DA:78,1
DA:79,0
DA:81,0
DA:82,0
DA:83,0
DA:87,0
DA:94,0
DA:96,0
DA:97,0
DA:98,0
DA:100,0
DA:107,1
LF:27
LH:17
BRDA:56,1,0,1
BRDA:56,1,1,2
BRDA:57,2,0,0
BRDA:57,2,1,3
BRDA:81,3,0,0
BRDA:81,3,1,0
BRDA:97,4,0,0
BRDA:97,4,1,0
BRF:8
BRH:3
end_of_record
TN:
SF:/Users/diversario/Documents/Projects/Personal/node-ssdp/lib/index.js
FN:68,SSDP
FN:95,(anonymous_2)
FN:155,(anonymous_3)
FN:161,(anonymous_4)
FN:165,(anonymous_5)
FN:191,(anonymous_6)
FN:199,(anonymous_7)
FN:217,(anonymous_8)
FN:233,(anonymous_9)
FN:236,onSocketError
FN:240,onSocketMessage
FN:244,onSocketListening
FN:260,addMembership
FN:282,(anonymous_14)
FN:302,parseCommand
FN:328,(anonymous_16)
FN:360,(anonymous_17)
FN:377,(anonymous_18)
FN:391,(anonymous_19)
FN:395,(anonymous_20)
FN:400,(anonymous_21)
FN:427,(anonymous_22)
FN:442,parseResponse
FN:453,(anonymous_24)
FN:459,_getMethod
FN:469,_getStatusCode
FN:479,_getHeaders
FN:484,(anonymous_28)
FN:496,(anonymous_29)
FN:507,(anonymous_30)
FN:529,getSsdpSignature
FNF:31
FNH:29
FNDA:28,SSDP
FNDA:28,(anonymous_2)
FNDA:28,(anonymous_3)
FNDA:191,(anonymous_4)
FNDA:274,(anonymous_5)
FNDA:5,(anonymous_6)
FNDA:5,(anonymous_7)
FNDA:24,(anonymous_8)
FNDA:25,(anonymous_9)
FNDA:0,onSocketError
FNDA:10,onSocketMessage
FNDA:1,onSocketListening
FNDA:1,addMembership
FNDA:10,(anonymous_14)
FNDA:9,parseCommand
FNDA:3,(anonymous_16)
FNDA:5,(anonymous_17)
FNDA:5,(anonymous_18)
FNDA:4,(anonymous_19)
FNDA:3,(anonymous_20)
FNDA:7,(anonymous_21)
FNDA:0,(anonymous_22)
FNDA:1,parseResponse
FNDA:8,(anonymous_24)
FNDA:17,_getMethod
FNDA:1,_getStatusCode
FNDA:17,_getHeaders
FNDA:130,(anonymous_28)
FNDA:16,(anonymous_29)
FNDA:17,(anonymous_30)
FNDA:24,getSsdpSignature
DA:27,1
DA:37,1
DA:41,1
DA:43,1
DA:68,1
DA:69,28
DA:71,28
DA:73,28
DA:75,28
DA:77,28
DA:79,28
DA:81,28
DA:83,28
DA:87,1
DA:95,1
DA:96,28
DA:98,28
DA:99,28
DA:100,28
DA:103,28
DA:104,28
DA:105,28
DA:111,28
DA:113,28
DA:115,28
DA:117,28
DA:118,0
DA:122,28
DA:123,2
DA:124,2
DA:125,2
DA:128,26
DA:131,28
DA:133,28
DA:134,28
DA:136,28
DA:138,28
DA:140,28
DA:155,1
DA:156,28
DA:159,28
DA:161,28
DA:162,191
DA:164,191
DA:165,191
DA:166,274
DA:167,29
DA:168,29
DA:170,29
DA:171,29
DA:173,0
DA:176,29
DA:177,29
DA:179,29
DA:191,1
DA:192,5
DA:194,5
DA:195,0
DA:196,0
DA:199,5
DA:200,5
DA:202,5
DA:204,5
DA:207,5
DA:209,5
DA:217,1
DA:218,24
DA:220,24
DA:221,0
DA:222,0
DA:225,24
DA:226,0
DA:229,24
DA:231,24
DA:233,24
DA:234,25
DA:236,25
DA:237,0
DA:240,25
DA:241,10
DA:244,25
DA:245,1
DA:247,1
DA:249,1
DA:250,1
DA:252,0
DA:253,0
DA:254,0
DA:256,0
DA:260,1
DA:261,1
DA:262,1
DA:266,25
DA:267,1
DA:269,24
DA:282,1
DA:283,10
DA:285,10
DA:288,10
DA:289,1
DA:291,9
DA:302,1
DA:303,9
DA:306,9
DA:308,3
DA:309,3
DA:311,5
DA:312,5
DA:314,1
DA:328,1
DA:329,3
DA:330,0
DA:331,0
DA:334,3
DA:338,1
DA:339,1
DA:343,1
DA:344,1
DA:347,1
DA:360,1
DA:361,5
DA:363,5
DA:365,5
DA:377,1
DA:378,5
DA:385,5
DA:386,0
DA:389,5
DA:390,2
DA:391,2
DA:392,4
DA:395,3
DA:396,3
DA:400,5
DA:401,7
DA:403,7
DA:404,4
DA:407,7
DA:408,4
DA:417,4
DA:419,4
DA:420,3
DA:422,1
DA:425,4
DA:427,4
DA:428,0
DA:442,1
DA:443,1
DA:445,1
DA:448,1
DA:453,1
DA:454,8
DA:459,1
DA:460,17
DA:464,17
DA:469,1
DA:470,1
DA:474,1
DA:479,1
DA:480,17
DA:482,17
DA:484,17
DA:485,130
DA:486,116
DA:487,116
DA:491,17
DA:496,1
DA:497,16
DA:499,16
DA:500,12
DA:501,12
DA:502,12
DA:505,16
DA:507,16
DA:508,17
DA:509,17
DA:511,17
DA:512,17
DA:513,4
DA:514,4
DA:515,4
DA:517,13
DA:520,0
DA:523,17
DA:529,1
DA:530,24
DA:535,1
LF:187
LH:170
BRDA:71,1,0,0
BRDA:71,1,1,28
BRDA:73,2,0,28
BRDA:73,2,1,1
BRDA:75,3,0,28
BRDA:75,3,1,17
BRDA:77,4,0,28
BRDA:77,4,1,28
BRDA:96,5,0,28
BRDA:96,5,1,24
BRDA:100,6,0,28
BRDA:100,6,1,0
BRDA:103,7,0,28
BRDA:103,7,1,22
BRDA:104,8,0,28
BRDA:104,8,1,28
BRDA:105,9,0,28
BRDA:105,9,1,22
BRDA:111,10,0,28
BRDA:111,10,1,27
BRDA:113,11,0,28
BRDA:113,11,1,23
BRDA:115,12,0,28
BRDA:115,12,1,24
BRDA:117,13,0,0
BRDA:117,13,1,28
BRDA:122,14,0,2
BRDA:122,14,1,26
BRDA:123,15,0,2
BRDA:123,15,1,2
BRDA:128,16,0,26
BRDA:128,16,1,23
BRDA:134,17,0,28
BRDA:134,17,1,24
BRDA:136,18,0,28
BRDA:136,18,1,26
BRDA:164,19,0,191
BRDA:164,19,1,0
BRDA:164,20,0,191
BRDA:164,20,1,0
BRDA:166,21,0,29
BRDA:166,21,1,245
BRDA:166,22,0,274
BRDA:166,22,1,193
BRDA:170,23,0,29
BRDA:170,23,1,0
BRDA:176,24,0,29
BRDA:176,24,1,0
BRDA:194,25,0,0
BRDA:194,25,1,5
BRDA:202,26,0,5
BRDA:202,26,1,5
BRDA:220,27,0,0
BRDA:220,27,1,24
BRDA:225,28,0,0
BRDA:225,28,1,24
BRDA:252,29,0,0
BRDA:252,29,1,0
BRDA:252,30,0,0
BRDA:252,30,1,0
BRDA:266,31,0,1
BRDA:266,31,1,24
BRDA:288,32,0,1
BRDA:288,32,1,9
BRDA:306,33,0,3
BRDA:306,33,1,5
BRDA:306,33,2,1
BRDA:329,34,0,0
BRDA:329,34,1,3
BRDA:334,35,0,1
BRDA:334,35,1,1
BRDA:334,35,2,1
BRDA:363,36,0,0
BRDA:363,36,1,5
BRDA:363,37,0,5
BRDA:363,37,1,5
BRDA:363,37,2,5
BRDA:385,38,0,0
BRDA:385,38,1,5
BRDA:385,39,0,5
BRDA:385,39,1,0
BRDA:389,40,0,2
BRDA:389,40,1,3
BRDA:392,41,0,4
BRDA:392,41,1,4
BRDA:396,42,0,3
BRDA:396,42,1,1
BRDA:403,43,0,4
BRDA:403,43,1,3
BRDA:407,44,0,4
BRDA:407,44,1,3
BRDA:409,45,0,2
BRDA:409,45,1,2
BRDA:419,46,0,3
BRDA:419,46,1,1
BRDA:462,47,0,17
BRDA:462,47,1,0
BRDA:485,48,0,116
BRDA:485,48,1,14
BRDA:487,49,0,99
BRDA:487,49,1,17
BRDA:499,50,0,12
BRDA:499,50,1,4
BRDA:511,51,0,17
BRDA:511,51,1,0
BRDA:512,52,0,4
BRDA:512,52,1,13
BRF:107
BRH:87
end_of_record
TN:
SF:/Users/diversario/Documents/Projects/Personal/node-ssdp/lib/ssdpHeader.js
FN:4,SsdpHeader
FN:13,(anonymous_2)
FN:17,(anonymous_3)
FN:23,(anonymous_4)
FN:29,(anonymous_5)
FN:33,(anonymous_6)
FN:37,(anonymous_7)
FN:41,(anonymous_8)
FN:59,(anonymous_9)
FN:68,(anonymous_10)
FNF:10
FNH:10
FNDA:16,SsdpHeader
FNDA:4,(anonymous_2)
FNDA:31,(anonymous_3)
FNDA:16,(anonymous_4)
FNDA:17,(anonymous_5)
FNDA:3,(anonymous_6)
FNDA:17,(anonymous_7)
FNDA:17,(anonymous_8)
FNDA:119,(anonymous_9)
FNDA:17,(anonymous_10)
DA:1,1
DA:4,1
DA:5,16
DA:6,16
DA:7,16
DA:8,16
DA:10,16
DA:13,1
DA:14,4
DA:17,1
DA:18,31
DA:19,31
DA:23,1
DA:24,16
DA:25,16
DA:29,1
DA:30,17
DA:33,1
DA:34,3
DA:37,1
DA:38,17
DA:41,1
DA:42,17
DA:46,17
DA:47,17
DA:49,17
DA:51,17
DA:53,17
DA:54,5
DA:56,12
DA:59,17
DA:60,119
DA:63,17
DA:65,17
DA:68,1
DA:69,17
DA:72,1
LF:37
LH:37
BRDA:6,1,0,16
BRDA:6,1,1,0
BRDA:10,2,0,0
BRDA:10,2,1,16
BRDA:18,3,0,31
BRDA:18,3,1,0
BRDA:18,4,0,31
BRDA:18,4,1,31
BRDA:24,5,0,16
BRDA:24,5,1,0
BRDA:24,6,0,16
BRDA:24,6,1,16
BRDA:24,6,2,16
BRDA:42,7,0,17
BRDA:42,7,1,13
BRDA:53,8,0,5
BRDA:53,8,1,12
BRF:17
BRH:13
end_of_record
TN:
SF:/Users/diversario/Documents/Projects/Personal/node-ssdp/lib/const.js
FNF:0
FNH:0
DA:27,1
LF:1
LH:1
BRF:0
BRH:0
end_of_record
TN:
SF:/Users/diversario/Documents/Projects/Personal/node-ssdp/lib/server.js
FN:34,SsdpServer
FN:56,(anonymous_2)
FN:70,(anonymous_3)
FN:71,onBind
FN:88,(anonymous_5)
FN:103,(anonymous_6)
FN:118,(anonymous_7)
FN:126,(anonymous_8)
FN:139,(anonymous_9)
FN:145,(anonymous_10)
FN:171,(anonymous_11)
FNF:11
FNH:10
FNDA:24,SsdpServer
FNDA:23,(anonymous_2)
FNDA:21,(anonymous_3)
FNDA:21,onBind
FNDA:21,(anonymous_5)
FNDA:4,(anonymous_6)
FNDA:21,(anonymous_7)
FNDA:2,(anonymous_8)
FNDA:7,(anonymous_9)
FNDA:12,(anonymous_10)
FNDA:0,(anonymous_11)
DA:27,1
DA:34,1
DA:35,24
DA:37,24
DA:39,24
DA:40,1
DA:43,24
DA:46,1
DA:56,1
DA:57,23
DA:59,23
DA:60,2
DA:61,2
DA:64,21
DA:66,21
DA:67,21
DA:70,21
DA:71,1
DA:72,21
DA:73,21
DA:74,21
DA:75,21
DA:77,21
DA:88,1
DA:89,21
DA:92,21
DA:94,21
DA:103,1
DA:104,4
DA:105,2
DA:106,2
DA:109,2
DA:111,2
DA:113,2
DA:118,1
DA:119,21
DA:121,21
DA:126,1
DA:127,2
DA:129,2
DA:130,2
DA:139,1
DA:140,7
DA:142,7
DA:143,7
DA:145,7
DA:146,12
DA:149,12
DA:156,12
DA:157,10
DA:158,8
DA:160,2
DA:163,10
DA:164,10
DA:167,12
DA:169,12
DA:171,12
DA:172,0
DA:177,1
LF:59
LH:58
BRDA:39,1,0,1
BRDA:39,1,1,23
BRDA:39,2,0,24
BRDA:39,2,1,11
BRDA:39,2,2,1
BRDA:43,3,0,23
BRDA:43,3,1,1
BRDA:59,4,0,2
BRDA:59,4,1,21
BRDA:66,5,0,21
BRDA:66,5,1,0
BRDA:73,6,0,1
BRDA:73,6,1,20
BRDA:74,7,0,0
BRDA:74,7,1,21
BRDA:104,8,0,2
BRDA:104,8,1,2
BRDA:142,9,0,0
BRDA:142,9,1,7
BRDA:143,10,0,5
BRDA:143,10,1,2
BRDA:147,11,0,10
BRDA:147,11,1,2
BRDA:156,12,0,10
BRDA:156,12,1,2
BRDA:157,13,0,8
BRDA:157,13,1,2
BRF:27
BRH:24
end_of_record
